TN:
SF:src\modules\appointments\services\CreateAppointmentService.ts
FN:17,(anonymous_5)
FN:22,(anonymous_6)
FNF:2
FNH:2
FNDA:5,(anonymous_5)
FNDA:7,(anonymous_6)
DA:1,1
DA:2,1
DA:3,1
DA:4,1
DA:15,1
DA:19,5
DA:24,7
DA:27,7
DA:28,2
DA:30,5
DA:31,1
DA:34,4
DA:35,1
DA:39,3
DA:42,3
DA:43,1
DA:47,2
DA:53,2
DA:59,1
LF:19
LH:19
BRDA:27,0,0,2
BRDA:30,1,0,1
BRDA:34,2,0,1
BRDA:34,3,0,4
BRDA:34,3,1,3
BRDA:42,4,0,1
BRF:6
BRH:6
end_of_record
TN:
SF:src\modules\appointments\services\ListProviderDayAvailabilityService.ts
FN:21,(anonymous_4)
FN:26,(anonymous_5)
FN:37,(anonymous_6)
FN:41,(anonymous_7)
FN:42,(anonymous_8)
FNF:5
FNH:5
FNDA:1,(anonymous_4)
FNDA:1,(anonymous_5)
FNDA:10,(anonymous_6)
FNDA:10,(anonymous_7)
FNDA:19,(anonymous_8)
DA:1,1
DA:2,1
DA:3,1
DA:19,1
DA:23,1
DA:28,1
DA:35,1
DA:37,10
DA:39,1
DA:41,1
DA:42,10
DA:43,19
DA:46,10
DA:48,10
DA:54,1
DA:58,1
LF:16
LH:16
BRDA:50,0,0,10
BRDA:50,0,1,8
BRF:2
BRH:2
end_of_record
TN:
SF:src\modules\appointments\services\ListProviderMonthAvailabilityService.ts
FN:20,(anonymous_4)
FN:25,(anonymous_5)
FN:38,(anonymous_6)
FN:40,(anonymous_7)
FN:41,(anonymous_8)
FNF:5
FNH:5
FNDA:1,(anonymous_4)
FNDA:1,(anonymous_5)
FNDA:31,(anonymous_6)
FNDA:31,(anonymous_7)
FNDA:341,(anonymous_8)
DA:1,1
DA:2,1
DA:3,1
DA:18,1
DA:22,1
DA:26,1
DA:33,1
DA:36,1
DA:38,31
DA:40,1
DA:41,31
DA:42,341
DA:45,31
DA:52,1
DA:54,1
DA:60,1
LF:16
LH:16
BRF:0
BRH:0
end_of_record
TN:
SF:src\modules\appointments\services\ListProvidersService.ts
FN:13,(anonymous_4)
FN:18,(anonymous_5)
FNF:2
FNH:2
FNDA:1,(anonymous_4)
FNDA:1,(anonymous_5)
DA:1,1
DA:2,1
DA:11,1
DA:15,1
DA:20,1
DA:22,1
DA:26,1
LF:7
LH:7
BRF:0
BRH:0
end_of_record
TN:
SF:src\modules\users\services\AuthenticateUserService.ts
FN:22,(anonymous_5)
FN:30,(anonymous_6)
FNF:2
FNH:2
FNDA:3,(anonymous_5)
FNDA:3,(anonymous_6)
DA:1,1
DA:2,1
DA:3,1
DA:4,1
DA:6,1
DA:8,1
DA:21,1
DA:24,3
DA:27,3
DA:32,3
DA:35,3
DA:36,1
DA:40,2
DA:43,2
DA:44,1
DA:48,1
DA:51,1
DA:56,1
DA:63,1
LF:19
LH:19
BRDA:35,0,0,1
BRDA:43,1,0,1
BRF:2
BRH:2
end_of_record
TN:
SF:src\modules\users\services\CreateUserService.ts
FN:17,(anonymous_5)
FN:25,(anonymous_6)
FNF:2
FNH:2
FNDA:5,(anonymous_5)
FNDA:5,(anonymous_6)
DA:1,2
DA:2,2
DA:3,2
DA:15,2
DA:19,5
DA:22,5
DA:28,5
DA:30,5
DA:31,1
DA:34,4
DA:37,4
DA:44,4
DA:48,2
LF:13
LH:13
BRDA:30,0,0,1
BRF:1
BRH:1
end_of_record
TN:
SF:src\modules\users\services\ResetPassowordService.ts
FN:18,(anonymous_5)
FN:29,(anonymous_6)
FNF:2
FNH:2
FNDA:4,(anonymous_5)
FNDA:4,(anonymous_6)
DA:1,1
DA:2,1
DA:4,1
DA:8,1
DA:16,1
DA:20,4
DA:23,4
DA:26,4
DA:30,4
DA:32,4
DA:33,1
DA:36,3
DA:38,3
DA:39,1
DA:42,2
DA:43,2
DA:45,2
DA:46,1
DA:49,1
DA:51,1
DA:55,1
LF:21
LH:21
BRDA:32,0,0,1
BRDA:38,1,0,1
BRDA:45,2,0,1
BRF:3
BRH:3
end_of_record
TN:
SF:src\modules\users\services\SendForgotPassowrdEmailService.ts
FN:16,(anonymous_5)
FN:27,(anonymous_6)
FNF:2
FNH:2
FNDA:3,(anonymous_5)
FNDA:3,(anonymous_6)
DA:1,1
DA:2,1
DA:3,1
DA:4,1
DA:14,1
DA:18,3
DA:21,3
DA:24,3
DA:29,3
DA:31,3
DA:32,1
DA:35,2
DA:36,2
DA:38,2
DA:55,1
LF:15
LH:15
BRDA:31,0,0,1
BRF:1
BRH:1
end_of_record
TN:
SF:src\modules\users\services\ShowProfileService.ts
FN:14,(anonymous_5)
FN:19,(anonymous_6)
FNF:2
FNH:2
FNDA:2,(anonymous_5)
FNDA:2,(anonymous_6)
DA:1,1
DA:2,1
DA:4,1
DA:12,1
DA:16,2
DA:21,2
DA:24,2
DA:25,1
DA:28,1
DA:32,1
LF:10
LH:10
BRDA:24,0,0,1
BRF:1
BRH:1
end_of_record
TN:
SF:src\modules\users\services\UpdateProfileService.ts
FN:19,(anonymous_5)
FN:27,(anonymous_6)
FNF:2
FNH:2
FNDA:6,(anonymous_5)
FNDA:6,(anonymous_6)
DA:1,1
DA:2,1
DA:4,1
DA:17,1
DA:21,6
DA:24,6
DA:30,6
DA:33,6
DA:34,1
DA:37,5
DA:40,5
DA:41,1
DA:44,4
DA:45,4
DA:47,4
DA:48,1
DA:51,3
DA:52,2
DA:54,2
DA:55,1
DA:58,1
DA:61,2
DA:65,1
LF:23
LH:23
BRDA:33,0,0,1
BRDA:40,1,0,1
BRDA:40,2,0,5
BRDA:40,2,1,1
BRDA:47,3,0,1
BRDA:47,4,0,4
BRDA:47,4,1,3
BRDA:51,5,0,2
BRDA:51,6,0,3
BRDA:51,6,1,2
BRDA:54,7,0,1
BRF:11
BRH:11
end_of_record
TN:
SF:src\modules\users\services\UpdateUserAvatarService.ts
FN:16,(anonymous_5)
FN:24,(anonymous_6)
FNF:2
FNH:2
FNDA:3,(anonymous_5)
FNDA:4,(anonymous_6)
DA:1,1
DA:2,1
DA:4,1
DA:14,1
DA:18,3
DA:21,3
DA:27,4
DA:30,4
DA:31,1
DA:35,3
DA:36,1
DA:39,3
DA:41,3
DA:43,3
DA:45,3
DA:50,1
LF:16
LH:16
BRDA:30,0,0,1
BRDA:35,1,0,1
BRF:2
BRH:2
end_of_record
